[Cassette: 'metadata description project-metadata'] Initialized with options: {:record=>:once, :match_requests_on=>[:method, :uri], :allow_unused_http_interactions=>true, :serialize_with=>:yaml, :persist_with=>:file_system}
[webmock] Handling request: [get https://master.dev.nativ-systems.com/api/metadataDefinitions] (disabled: false)
  [Cassette: 'metadata description project-metadata'] Initialized HTTPInteractionList with request matchers [:method, :uri] and 1 interaction(s): { [get https://master.dev.nativ-systems.com/api/metadataDefinitions] => [200 "{\"metadataDefinitions\":[{\"id\":32277,\"uuid\":\"ea45b59e-a9ef-4341-9635-3017301de587"] }
  [Cassette: 'metadata description project-metadata'] Checking if [get https://master.dev.nativ-systems.com/api/metadataDefinitions] matches [get https://master.dev.nativ-systems.com/api/metadataDefinitions] using [:method, :uri]
    [Cassette: 'metadata description project-metadata'] method (matched): current request [get https://master.dev.nativ-systems.com/api/metadataDefinitions] vs [get https://master.dev.nativ-systems.com/api/metadataDefinitions]
    [Cassette: 'metadata description project-metadata'] uri (matched): current request [get https://master.dev.nativ-systems.com/api/metadataDefinitions] vs [get https://master.dev.nativ-systems.com/api/metadataDefinitions]
  [Cassette: 'metadata description project-metadata'] Found matching interaction for [get https://master.dev.nativ-systems.com/api/metadataDefinitions] at index 0: [200 "{\"metadataDefinitions\":[{\"id\":32277,\"uuid\":\"ea45b59e-a9ef-4341-9635-3017301de587"]
[webmock] Identified request type (stubbed_by_vcr) for [get https://master.dev.nativ-systems.com/api/metadataDefinitions]
[Cassette: 'metadata description project-metadata by id'] Initialized with options: {:record=>:once, :match_requests_on=>[:method, :uri], :allow_unused_http_interactions=>true, :serialize_with=>:yaml, :persist_with=>:file_system}
[webmock] Handling request: [get https://master.dev.nativ-systems.com/api/metadataDefinitions] (disabled: false)
  [Cassette: 'metadata description project-metadata by id'] Initialized HTTPInteractionList with request matchers [:method, :uri] and 1 interaction(s): { [get https://master.dev.nativ-systems.com/api/metadataDefinitions] => [200 "{\"metadataDefinitions\":[{\"id\":32277,\"uuid\":\"ea45b59e-a9ef-4341-9635-3017301de587"] }
  [Cassette: 'metadata description project-metadata by id'] Checking if [get https://master.dev.nativ-systems.com/api/metadataDefinitions] matches [get https://master.dev.nativ-systems.com/api/metadataDefinitions] using [:method, :uri]
    [Cassette: 'metadata description project-metadata by id'] method (matched): current request [get https://master.dev.nativ-systems.com/api/metadataDefinitions] vs [get https://master.dev.nativ-systems.com/api/metadataDefinitions]
    [Cassette: 'metadata description project-metadata by id'] uri (matched): current request [get https://master.dev.nativ-systems.com/api/metadataDefinitions] vs [get https://master.dev.nativ-systems.com/api/metadataDefinitions]
  [Cassette: 'metadata description project-metadata by id'] Found matching interaction for [get https://master.dev.nativ-systems.com/api/metadataDefinitions] at index 0: [200 "{\"metadataDefinitions\":[{\"id\":32277,\"uuid\":\"ea45b59e-a9ef-4341-9635-3017301de587"]
[webmock] Identified request type (stubbed_by_vcr) for [get https://master.dev.nativ-systems.com/api/metadataDefinitions]
[Cassette: 'metadata description'] Initialized with options: {:record=>:once, :match_requests_on=>[:method, :uri], :allow_unused_http_interactions=>true, :serialize_with=>:yaml, :persist_with=>:file_system}
[webmock] Handling request: [get https://master.dev.nativ-systems.com/api/metadataDefinitions] (disabled: false)
  [Cassette: 'metadata description'] Initialized HTTPInteractionList with request matchers [:method, :uri] and 1 interaction(s): { [get https://master.dev.nativ-systems.com/api/metadataDefinitions] => [200 "{\"metadataDefinitions\":[{\"id\":32277,\"uuid\":\"ea45b59e-a9ef-4341-9635-3017301de587"] }
  [Cassette: 'metadata description'] Checking if [get https://master.dev.nativ-systems.com/api/metadataDefinitions] matches [get https://master.dev.nativ-systems.com/api/metadataDefinitions] using [:method, :uri]
    [Cassette: 'metadata description'] method (matched): current request [get https://master.dev.nativ-systems.com/api/metadataDefinitions] vs [get https://master.dev.nativ-systems.com/api/metadataDefinitions]
    [Cassette: 'metadata description'] uri (matched): current request [get https://master.dev.nativ-systems.com/api/metadataDefinitions] vs [get https://master.dev.nativ-systems.com/api/metadataDefinitions]
  [Cassette: 'metadata description'] Found matching interaction for [get https://master.dev.nativ-systems.com/api/metadataDefinitions] at index 0: [200 "{\"metadataDefinitions\":[{\"id\":32277,\"uuid\":\"ea45b59e-a9ef-4341-9635-3017301de587"]
[webmock] Identified request type (stubbed_by_vcr) for [get https://master.dev.nativ-systems.com/api/metadataDefinitions]
[Cassette: 'create_resource'] Initialized with options: {:record=>:once, :match_requests_on=>[:method, :uri], :allow_unused_http_interactions=>true, :serialize_with=>:yaml, :persist_with=>:file_system}
[webmock] Handling request: [post https://master.dev.nativ-systems.com/api/workflows] (disabled: false)
  [Cassette: 'create_resource'] Initialized HTTPInteractionList with request matchers [:method, :uri] and 1 interaction(s): { [post https://master.dev.nativ-systems.com/api/workflows] => [201 "{\"id\":39817,\"name\":\"workflow-create-project\",\"displayName\":\"workflow-create-proj"] }
  [Cassette: 'create_resource'] Checking if [post https://master.dev.nativ-systems.com/api/workflows] matches [post https://master.dev.nativ-systems.com/api/workflows] using [:method, :uri]
    [Cassette: 'create_resource'] method (matched): current request [post https://master.dev.nativ-systems.com/api/workflows] vs [post https://master.dev.nativ-systems.com/api/workflows]
    [Cassette: 'create_resource'] uri (matched): current request [post https://master.dev.nativ-systems.com/api/workflows] vs [post https://master.dev.nativ-systems.com/api/workflows]
  [Cassette: 'create_resource'] Found matching interaction for [post https://master.dev.nativ-systems.com/api/workflows] at index 0: [201 "{\"id\":39817,\"name\":\"workflow-create-project\",\"displayName\":\"workflow-create-proj"]
[webmock] Identified request type (stubbed_by_vcr) for [post https://master.dev.nativ-systems.com/api/workflows]
[Cassette: 'create_resource'] Initialized with options: {:record=>:once, :match_requests_on=>[:method, :uri], :allow_unused_http_interactions=>true, :serialize_with=>:yaml, :persist_with=>:file_system}
[webmock] Handling request: [post https://master.dev.nativ-systems.com/api/workflows] (disabled: false)
  [Cassette: 'create_resource'] Initialized HTTPInteractionList with request matchers [:method, :uri] and 1 interaction(s): { [post https://master.dev.nativ-systems.com/api/workflows] => [201 "{\"id\":39817,\"name\":\"workflow-create-project\",\"displayName\":\"workflow-create-proj"] }
  [Cassette: 'create_resource'] Checking if [post https://master.dev.nativ-systems.com/api/workflows] matches [post https://master.dev.nativ-systems.com/api/workflows] using [:method, :uri]
    [Cassette: 'create_resource'] method (matched): current request [post https://master.dev.nativ-systems.com/api/workflows] vs [post https://master.dev.nativ-systems.com/api/workflows]
    [Cassette: 'create_resource'] uri (matched): current request [post https://master.dev.nativ-systems.com/api/workflows] vs [post https://master.dev.nativ-systems.com/api/workflows]
  [Cassette: 'create_resource'] Found matching interaction for [post https://master.dev.nativ-systems.com/api/workflows] at index 0: [201 "{\"id\":39817,\"name\":\"workflow-create-project\",\"displayName\":\"workflow-create-proj"]
[webmock] Identified request type (stubbed_by_vcr) for [post https://master.dev.nativ-systems.com/api/workflows]
[Cassette: 'retrieve_resource'] Initialized with options: {:record=>:once, :match_requests_on=>[:method, :uri], :allow_unused_http_interactions=>true, :serialize_with=>:yaml, :persist_with=>:file_system}
[webmock] Handling request: [get https://master.dev.nativ-systems.com/api/workflows] (disabled: false)
  [Cassette: 'retrieve_resource'] Initialized HTTPInteractionList with request matchers [:method, :uri] and 1 interaction(s): { [get https://master.dev.nativ-systems.com/api/workflows] => [200 "{\"workflows\":[{\"id\":39817,\"name\":\"workflow-create-project\",\"displayName\":\"workfl"] }
  [Cassette: 'retrieve_resource'] Checking if [get https://master.dev.nativ-systems.com/api/workflows] matches [get https://master.dev.nativ-systems.com/api/workflows] using [:method, :uri]
    [Cassette: 'retrieve_resource'] method (matched): current request [get https://master.dev.nativ-systems.com/api/workflows] vs [get https://master.dev.nativ-systems.com/api/workflows]
    [Cassette: 'retrieve_resource'] uri (matched): current request [get https://master.dev.nativ-systems.com/api/workflows] vs [get https://master.dev.nativ-systems.com/api/workflows]
  [Cassette: 'retrieve_resource'] Found matching interaction for [get https://master.dev.nativ-systems.com/api/workflows] at index 0: [200 "{\"workflows\":[{\"id\":39817,\"name\":\"workflow-create-project\",\"displayName\":\"workfl"]
[webmock] Identified request type (stubbed_by_vcr) for [get https://master.dev.nativ-systems.com/api/workflows]
